{"D:\\Serverless\\hello-world\\handler.js": {"path":"D:\\Serverless\\hello-world\\handler.js","statementMap":{"0":{"start":{"line":2,"column":13},"end":{"line":2,"column":30}},"1":{"start":{"line":4,"column":23},"end":{"line":4,"column":38}},"2":{"start":{"line":5,"column":14},"end":{"line":5,"column":36}},"3":{"start":{"line":7,"column":23},"end":{"line":7,"column":62}},"4":{"start":{"line":8,"column":25},"end":{"line":8,"column":61}},"5":{"start":{"line":9,"column":28},"end":{"line":9,"column":67}},"6":{"start":{"line":10,"column":20},"end":{"line":10,"column":42}},"7":{"start":{"line":11,"column":10},"end":{"line":11,"column":28}},"8":{"start":{"line":13,"column":17},"end":{"line":13,"column":50}},"9":{"start":{"line":14,"column":18},"end":{"line":14,"column":51}},"10":{"start":{"line":16,"column":18},"end":{"line":16,"column":45}},"11":{"start":{"line":17,"column":28},"end":{"line":17,"column":71}},"12":{"start":{"line":18,"column":16},"end":{"line":18,"column":54}},"13":{"start":{"line":20,"column":26},"end":{"line":20,"column":60}},"14":{"start":{"line":22,"column":12},"end":{"line":22,"column":41}},"15":{"start":{"line":24,"column":0},"end":{"line":67,"column":56}},"16":{"start":{"line":25,"column":14},"end":{"line":25,"column":27}},"17":{"start":{"line":26,"column":2},"end":{"line":26,"column":16}},"18":{"start":{"line":27,"column":20},"end":{"line":27,"column":30}},"19":{"start":{"line":28,"column":20},"end":{"line":28,"column":51}},"20":{"start":{"line":30,"column":14},"end":{"line":30,"column":24}},"21":{"start":{"line":32,"column":18},"end":{"line":32,"column":28}},"22":{"start":{"line":33,"column":2},"end":{"line":33,"column":39}},"23":{"start":{"line":35,"column":18},"end":{"line":45,"column":3}},"24":{"start":{"line":47,"column":2},"end":{"line":47,"column":22}},"25":{"start":{"line":49,"column":2},"end":{"line":56,"column":15}},"26":{"start":{"line":58,"column":2},"end":{"line":61,"column":5}},"27":{"start":{"line":63,"column":2},"end":{"line":66,"column":4}},"28":{"start":{"line":69,"column":0},"end":{"line":89,"column":3}},"29":{"start":{"line":72,"column":17},"end":{"line":74,"column":3}},"30":{"start":{"line":76,"column":2},"end":{"line":83,"column":3}},"31":{"start":{"line":77,"column":19},"end":{"line":77,"column":41}},"32":{"start":{"line":78,"column":4},"end":{"line":78,"column":28}},"33":{"start":{"line":79,"column":4},"end":{"line":79,"column":26}},"34":{"start":{"line":81,"column":4},"end":{"line":81,"column":23}},"35":{"start":{"line":82,"column":4},"end":{"line":82,"column":22}},"36":{"start":{"line":85,"column":2},"end":{"line":88,"column":4}},"37":{"start":{"line":91,"column":0},"end":{"line":116,"column":3}},"38":{"start":{"line":93,"column":15},"end":{"line":93,"column":35}},"39":{"start":{"line":95,"column":2},"end":{"line":106,"column":3}},"40":{"start":{"line":97,"column":19},"end":{"line":100,"column":6}},"41":{"start":{"line":102,"column":4},"end":{"line":102,"column":26}},"42":{"start":{"line":104,"column":4},"end":{"line":104,"column":23}},"43":{"start":{"line":105,"column":4},"end":{"line":105,"column":22}},"44":{"start":{"line":112,"column":2},"end":{"line":115,"column":4}},"45":{"start":{"line":118,"column":0},"end":{"line":144,"column":3}},"46":{"start":{"line":119,"column":19},"end":{"line":119,"column":39}},"47":{"start":{"line":120,"column":23},"end":{"line":120,"column":33}},"48":{"start":{"line":121,"column":19},"end":{"line":129,"column":5}},"49":{"start":{"line":133,"column":4},"end":{"line":138,"column":5}},"50":{"start":{"line":134,"column":21},"end":{"line":134,"column":45}},"51":{"start":{"line":135,"column":6},"end":{"line":135,"column":41}},"52":{"start":{"line":140,"column":4},"end":{"line":143,"column":6}},"53":{"start":{"line":147,"column":0},"end":{"line":169,"column":1}},"54":{"start":{"line":148,"column":17},"end":{"line":148,"column":37}},"55":{"start":{"line":149,"column":18},"end":{"line":152,"column":4}},"56":{"start":{"line":153,"column":2},"end":{"line":153,"column":21}},"57":{"start":{"line":154,"column":2},"end":{"line":154,"column":22}},"58":{"start":{"line":155,"column":18},"end":{"line":155,"column":29}},"59":{"start":{"line":156,"column":2},"end":{"line":156,"column":23}},"60":{"start":{"line":158,"column":17},"end":{"line":158,"column":67}},"61":{"start":{"line":159,"column":17},"end":{"line":159,"column":46}},"62":{"start":{"line":161,"column":21},"end":{"line":161,"column":91}},"63":{"start":{"line":162,"column":25},"end":{"line":162,"column":93}},"64":{"start":{"line":164,"column":2},"end":{"line":167,"column":4}},"65":{"start":{"line":171,"column":0},"end":{"line":176,"column":1}},"66":{"start":{"line":172,"column":2},"end":{"line":172,"column":29}},"67":{"start":{"line":173,"column":2},"end":{"line":173,"column":50}},"68":{"start":{"line":174,"column":1},"end":{"line":174,"column":56}},"69":{"start":{"line":175,"column":2},"end":{"line":175,"column":13}},"70":{"start":{"line":178,"column":0},"end":{"line":180,"column":1}},"71":{"start":{"line":179,"column":2},"end":{"line":179,"column":34}},"72":{"start":{"line":182,"column":0},"end":{"line":184,"column":1}},"73":{"start":{"line":183,"column":2},"end":{"line":183,"column":36}}},"fnMap":{"0":{"name":"(anonymous_0)","decl":{"start":{"line":24,"column":43},"end":{"line":24,"column":44}},"loc":{"start":{"line":24,"column":69},"end":{"line":67,"column":1}},"line":24},"1":{"name":"(anonymous_1)","decl":{"start":{"line":69,"column":48},"end":{"line":69,"column":49}},"loc":{"start":{"line":69,"column":73},"end":{"line":89,"column":1}},"line":69},"2":{"name":"(anonymous_2)","decl":{"start":{"line":91,"column":48},"end":{"line":91,"column":49}},"loc":{"start":{"line":91,"column":71},"end":{"line":116,"column":1}},"line":91},"3":{"name":"(anonymous_3)","decl":{"start":{"line":118,"column":47},"end":{"line":118,"column":48}},"loc":{"start":{"line":118,"column":72},"end":{"line":144,"column":1}},"line":118},"4":{"name":"(anonymous_4)","decl":{"start":{"line":147,"column":38},"end":{"line":147,"column":39}},"loc":{"start":{"line":147,"column":70},"end":{"line":169,"column":1}},"line":147},"5":{"name":"(anonymous_5)","decl":{"start":{"line":171,"column":31},"end":{"line":171,"column":32}},"loc":{"start":{"line":171,"column":61},"end":{"line":176,"column":1}},"line":171},"6":{"name":"(anonymous_6)","decl":{"start":{"line":178,"column":34},"end":{"line":178,"column":35}},"loc":{"start":{"line":178,"column":39},"end":{"line":180,"column":1}},"line":178},"7":{"name":"(anonymous_7)","decl":{"start":{"line":182,"column":39},"end":{"line":182,"column":40}},"loc":{"start":{"line":182,"column":50},"end":{"line":184,"column":1}},"line":182}},"branchMap":{},"s":{"0":1,"1":1,"2":1,"3":1,"4":1,"5":1,"6":1,"7":1,"8":1,"9":1,"10":1,"11":1,"12":1,"13":1,"14":1,"15":1,"16":1,"17":1,"18":1,"19":1,"20":1,"21":1,"22":1,"23":1,"24":1,"25":1,"26":1,"27":1,"28":1,"29":2,"30":2,"31":2,"32":1,"33":1,"34":1,"35":1,"36":1,"37":1,"38":2,"39":2,"40":2,"41":1,"42":1,"43":1,"44":1,"45":1,"46":2,"47":1,"48":1,"49":1,"50":1,"51":1,"52":1,"53":1,"54":1,"55":1,"56":1,"57":1,"58":1,"59":1,"60":1,"61":1,"62":1,"63":1,"64":1,"65":1,"66":1,"67":1,"68":1,"69":1,"70":1,"71":1,"72":1,"73":1},"f":{"0":1,"1":2,"2":2,"3":2,"4":1,"5":1,"6":1,"7":1},"b":{},"_coverageSchema":"1a1c01bbd47fc00a2c39e90264f33305004495a9","hash":"16c9a826bcef6e9c038c214a277ec91dcc13730a"}
,"D:\\Serverless\\hello-world\\ssm.js": {"path":"D:\\Serverless\\hello-world\\ssm.js","statementMap":{"0":{"start":{"line":1,"column":12},"end":{"line":1,"column":30}},"1":{"start":{"line":3,"column":0},"end":{"line":14,"column":1}},"2":{"start":{"line":4,"column":14},"end":{"line":4,"column":27}},"3":{"start":{"line":6,"column":2},"end":{"line":6,"column":19}},"4":{"start":{"line":7,"column":17},"end":{"line":10,"column":3}},"5":{"start":{"line":12,"column":17},"end":{"line":12,"column":57}},"6":{"start":{"line":13,"column":2},"end":{"line":13,"column":31}}},"fnMap":{"0":{"name":"(anonymous_0)","decl":{"start":{"line":3,"column":21},"end":{"line":3,"column":22}},"loc":{"start":{"line":3,"column":35},"end":{"line":14,"column":1}},"line":3}},"branchMap":{},"s":{"0":1,"1":1,"2":1,"3":1,"4":1,"5":1,"6":1},"f":{"0":1},"b":{},"_coverageSchema":"1a1c01bbd47fc00a2c39e90264f33305004495a9","hash":"8f89698ea5884c09808cdfbc5370b78f2b1c743b"}
,"D:\\Serverless\\hello-world\\lib\\commonMiddleWare.js": {"path":"D:\\Serverless\\hello-world\\lib\\commonMiddleWare.js","statementMap":{"0":{"start":{"line":3,"column":23},"end":{"line":3,"column":62}},"1":{"start":{"line":4,"column":25},"end":{"line":4,"column":61}},"2":{"start":{"line":5,"column":28},"end":{"line":5,"column":67}},"3":{"start":{"line":6,"column":20},"end":{"line":6,"column":42}},"4":{"start":{"line":7,"column":14},"end":{"line":7,"column":36}},"5":{"start":{"line":9,"column":0},"end":{"line":13,"column":1}},"6":{"start":{"line":10,"column":4},"end":{"line":12,"column":29}}},"fnMap":{"0":{"name":"(anonymous_0)","decl":{"start":{"line":9,"column":26},"end":{"line":9,"column":27}},"loc":{"start":{"line":9,"column":44},"end":{"line":13,"column":1}},"line":9}},"branchMap":{},"s":{"0":1,"1":1,"2":1,"3":1,"4":1,"5":1,"6":4},"f":{"0":4},"b":{},"_coverageSchema":"1a1c01bbd47fc00a2c39e90264f33305004495a9","hash":"46fff024dfe0fbd64d3a09fd1d177cf2061b0455"}
,"D:\\Serverless\\hello-world\\lib\\dynamodb-lib.js": {"path":"D:\\Serverless\\hello-world\\lib\\dynamodb-lib.js","statementMap":{"0":{"start":{"line":1,"column":12},"end":{"line":1,"column":30}},"1":{"start":{"line":3,"column":0},"end":{"line":6,"column":2}},"2":{"start":{"line":4,"column":19},"end":{"line":4,"column":52}},"3":{"start":{"line":5,"column":4},"end":{"line":5,"column":39}},"4":{"start":{"line":8,"column":0},"end":{"line":11,"column":1}},"5":{"start":{"line":9,"column":19},"end":{"line":9,"column":52}},"6":{"start":{"line":10,"column":4},"end":{"line":10,"column":40}},"7":{"start":{"line":13,"column":0},"end":{"line":16,"column":2}},"8":{"start":{"line":14,"column":19},"end":{"line":14,"column":52}},"9":{"start":{"line":15,"column":4},"end":{"line":15,"column":41}},"10":{"start":{"line":18,"column":0},"end":{"line":21,"column":3}},"11":{"start":{"line":19,"column":19},"end":{"line":19,"column":52}},"12":{"start":{"line":20,"column":4},"end":{"line":20,"column":43}},"13":{"start":{"line":23,"column":0},"end":{"line":26,"column":1}},"14":{"start":{"line":24,"column":19},"end":{"line":24,"column":52}},"15":{"start":{"line":25,"column":4},"end":{"line":25,"column":43}},"16":{"start":{"line":28,"column":0},"end":{"line":31,"column":1}},"17":{"start":{"line":29,"column":19},"end":{"line":29,"column":52}},"18":{"start":{"line":30,"column":4},"end":{"line":30,"column":41}}},"fnMap":{"0":{"name":"(anonymous_0)","decl":{"start":{"line":3,"column":21},"end":{"line":3,"column":22}},"loc":{"start":{"line":3,"column":33},"end":{"line":6,"column":1}},"line":3},"1":{"name":"(anonymous_1)","decl":{"start":{"line":8,"column":21},"end":{"line":8,"column":22}},"loc":{"start":{"line":8,"column":33},"end":{"line":11,"column":1}},"line":8},"2":{"name":"(anonymous_2)","decl":{"start":{"line":13,"column":23},"end":{"line":13,"column":24}},"loc":{"start":{"line":13,"column":35},"end":{"line":16,"column":1}},"line":13},"3":{"name":"(anonymous_3)","decl":{"start":{"line":18,"column":24},"end":{"line":18,"column":25}},"loc":{"start":{"line":18,"column":35},"end":{"line":21,"column":1}},"line":18},"4":{"name":"(anonymous_4)","decl":{"start":{"line":23,"column":24},"end":{"line":23,"column":25}},"loc":{"start":{"line":23,"column":35},"end":{"line":26,"column":1}},"line":23},"5":{"name":"(anonymous_5)","decl":{"start":{"line":28,"column":22},"end":{"line":28,"column":23}},"loc":{"start":{"line":28,"column":33},"end":{"line":31,"column":1}},"line":28}},"branchMap":{},"s":{"0":4,"1":4,"2":1,"3":1,"4":4,"5":1,"6":1,"7":4,"8":1,"9":1,"10":4,"11":1,"12":1,"13":4,"14":1,"15":1,"16":4,"17":1,"18":1},"f":{"0":1,"1":1,"2":1,"3":1,"4":1,"5":1},"b":{},"_coverageSchema":"1a1c01bbd47fc00a2c39e90264f33305004495a9","hash":"23bef439558efda09cb0b5772df5dcac4da1275b"}
,"D:\\Serverless\\hello-world\\lib\\uploadPictureToS3.js": {"path":"D:\\Serverless\\hello-world\\lib\\uploadPictureToS3.js","statementMap":{"0":{"start":{"line":1,"column":12},"end":{"line":1,"column":30}},"1":{"start":{"line":2,"column":12},"end":{"line":2,"column":37}},"2":{"start":{"line":4,"column":0},"end":{"line":16,"column":1}},"3":{"start":{"line":5,"column":15},"end":{"line":5,"column":27}},"4":{"start":{"line":7,"column":19},"end":{"line":13,"column":18}},"5":{"start":{"line":14,"column":5},"end":{"line":14,"column":25}},"6":{"start":{"line":15,"column":6},"end":{"line":15,"column":29}},"7":{"start":{"line":18,"column":0},"end":{"line":31,"column":1}},"8":{"start":{"line":19,"column":19},"end":{"line":27,"column":7}},"9":{"start":{"line":29,"column":21},"end":{"line":29,"column":45}},"10":{"start":{"line":30,"column":6},"end":{"line":30,"column":31}}},"fnMap":{"0":{"name":"(anonymous_0)","decl":{"start":{"line":4,"column":36},"end":{"line":4,"column":37}},"loc":{"start":{"line":4,"column":55},"end":{"line":16,"column":1}},"line":4},"1":{"name":"(anonymous_1)","decl":{"start":{"line":18,"column":38},"end":{"line":18,"column":39}},"loc":{"start":{"line":18,"column":63},"end":{"line":31,"column":1}},"line":18}},"branchMap":{},"s":{"0":2,"1":2,"2":2,"3":1,"4":1,"5":1,"6":1,"7":2,"8":1,"9":1,"10":1},"f":{"0":1,"1":1},"b":{},"_coverageSchema":"1a1c01bbd47fc00a2c39e90264f33305004495a9","hash":"edff67e6d1cdff2a7c3fd7342ea28dcc5cbbfcdf"}
,"D:\\Serverless\\hello-world\\lib\\schema\\createAuctionSchema.js": {"path":"D:\\Serverless\\hello-world\\lib\\schema\\createAuctionSchema.js","statementMap":{"0":{"start":{"line":1,"column":15},"end":{"line":14,"column":3}},"1":{"start":{"line":16,"column":2},"end":{"line":16,"column":26}}},"fnMap":{},"branchMap":{},"s":{"0":1,"1":1},"f":{},"b":{},"_coverageSchema":"1a1c01bbd47fc00a2c39e90264f33305004495a9","hash":"9bb9b1ae10cbb6ba7be81c1126b7c5ab5fde02be"}
}
