TN:
SF:handler.js
FN:24,(anonymous_0)
FN:69,(anonymous_1)
FN:91,(anonymous_2)
FN:118,(anonymous_3)
FN:147,(anonymous_4)
FN:171,(anonymous_5)
FN:178,(anonymous_6)
FN:182,(anonymous_7)
FNF:8
FNH:8
FNDA:1,(anonymous_0)
FNDA:2,(anonymous_1)
FNDA:2,(anonymous_2)
FNDA:2,(anonymous_3)
FNDA:1,(anonymous_4)
FNDA:1,(anonymous_5)
FNDA:1,(anonymous_6)
FNDA:1,(anonymous_7)
DA:2,1
DA:4,1
DA:5,1
DA:7,1
DA:8,1
DA:9,1
DA:10,1
DA:11,1
DA:13,1
DA:14,1
DA:16,1
DA:17,1
DA:18,1
DA:20,1
DA:22,1
DA:24,1
DA:25,1
DA:26,1
DA:27,1
DA:28,1
DA:30,1
DA:32,1
DA:33,1
DA:35,1
DA:47,1
DA:49,1
DA:58,1
DA:63,1
DA:69,1
DA:72,2
DA:76,2
DA:77,2
DA:78,1
DA:79,1
DA:81,1
DA:82,1
DA:85,1
DA:91,1
DA:93,2
DA:95,2
DA:97,2
DA:102,1
DA:104,1
DA:105,1
DA:112,1
DA:118,1
DA:119,2
DA:120,1
DA:121,1
DA:133,1
DA:134,1
DA:135,1
DA:140,1
DA:147,1
DA:148,1
DA:149,1
DA:153,1
DA:154,1
DA:155,1
DA:156,1
DA:158,1
DA:159,1
DA:161,1
DA:162,1
DA:164,1
DA:171,1
DA:172,1
DA:173,1
DA:174,1
DA:175,1
DA:178,1
DA:179,1
DA:182,1
DA:183,1
LF:74
LH:74
BRF:0
BRH:0
end_of_record
TN:
SF:ssm.js
FN:3,(anonymous_0)
FNF:1
FNH:1
FNDA:1,(anonymous_0)
DA:1,1
DA:3,1
DA:4,1
DA:6,1
DA:7,1
DA:12,1
DA:13,1
LF:7
LH:7
BRF:0
BRH:0
end_of_record
TN:
SF:lib\commonMiddleWare.js
FN:9,(anonymous_0)
FNF:1
FNH:1
FNDA:4,(anonymous_0)
DA:3,1
DA:4,1
DA:5,1
DA:6,1
DA:7,1
DA:9,1
DA:10,4
LF:7
LH:7
BRF:0
BRH:0
end_of_record
TN:
SF:lib\dynamodb-lib.js
FN:3,(anonymous_0)
FN:8,(anonymous_1)
FN:13,(anonymous_2)
FN:18,(anonymous_3)
FN:23,(anonymous_4)
FN:28,(anonymous_5)
FNF:6
FNH:6
FNDA:1,(anonymous_0)
FNDA:1,(anonymous_1)
FNDA:1,(anonymous_2)
FNDA:1,(anonymous_3)
FNDA:1,(anonymous_4)
FNDA:1,(anonymous_5)
DA:1,4
DA:3,4
DA:4,1
DA:5,1
DA:8,4
DA:9,1
DA:10,1
DA:13,4
DA:14,1
DA:15,1
DA:18,4
DA:19,1
DA:20,1
DA:23,4
DA:24,1
DA:25,1
DA:28,4
DA:29,1
DA:30,1
LF:19
LH:19
BRF:0
BRH:0
end_of_record
TN:
SF:lib\uploadPictureToS3.js
FN:4,(anonymous_0)
FN:18,(anonymous_1)
FNF:2
FNH:2
FNDA:1,(anonymous_0)
FNDA:1,(anonymous_1)
DA:1,2
DA:2,2
DA:4,2
DA:5,1
DA:7,1
DA:14,1
DA:15,1
DA:18,2
DA:19,1
DA:29,1
DA:30,1
LF:11
LH:11
BRF:0
BRH:0
end_of_record
TN:
SF:lib\schema\createAuctionSchema.js
FNF:0
FNH:0
DA:1,1
DA:16,1
LF:2
LH:2
BRF:0
BRH:0
end_of_record
